<?xml version="1.0" encoding="UTF-8"?>
<!-- Generated by org.testng.reporters.JUnitReportReporter -->
<testsuite skipped="0" hostname="WIN-R6QNSEN5OV6" name="prodsanity.emplogin.Prod_employee_login" tests="1" failures="0" timestamp="26 Mar 2019 11:48:48 GMT" time="131.513" errors="0">
  <testcase name="prodEmpLogin" time="131.513" classname="prodsanity.emplogin.Prod_employee_login"/>
</testsuite> <!-- prodsanity.emplogin.Prod_employee_login -->
