<?xml version="1.0" encoding="UTF-8"?>
<!-- Generated by org.testng.reporters.JUnitReportReporter -->
<testsuite hostname="WIN-R6QNSEN5OV6" name="prodsanity.yarn.Prod_yarncheck" tests="1" failures="0" timestamp="26 Mar 2019 10:20:21 GMT" time="46.787" errors="0">
  <testcase name="prodyarn" time="46.787" classname="prodsanity.yarn.Prod_yarncheck"/>
</testsuite> <!-- prodsanity.yarn.Prod_yarncheck -->
